Using pre-set license
Built from '2020.3/release' branch; Version is '2020.3.27f1 (e759542391ea) revision 15161684'; Using compiler version '192528614'; Build Type 'Release'
OS: 'Windows 11  (10.0.22621) 64bit Core' Language: 'ko' Physical Memory: 40204 MB
BatchMode: 1, IsHumanControllingUs: 0, StartBugReporterOnCrash: 0, Is64bit: 1, IsPro: 0

COMMAND LINE ARGUMENTS:
C:\Program Files\Unity 2020.3.27f1\Editor\Unity.exe
-adb2
-batchMode
-noUpm
-name
AssetImportWorker0
-projectPath
C:/Desktop/포트폴리오/Rushing
-logFile
Logs/AssetImportWorker0.log
-srvPort
58727
Successfully changed project path to: C:/Desktop/포트폴리오/Rushing
C:/Desktop/포트폴리오/Rushing
Using Asset Import Pipeline V2.
Refreshing native plugins compatible for Editor in 42.79 ms, found 2 plugins.
Preloading 0 native plugins for Editor in 0.00 ms.
Initialize engine version: 2020.3.27f1 (e759542391ea)
[Subsystems] Discovering subsystems at path C:/Program Files/Unity 2020.3.27f1/Editor/Data/Resources/UnitySubsystems
[Subsystems] Discovering subsystems at path C:/Desktop/포트폴리오/Rushing/Assets
GfxDevice: creating device client; threaded=0
Direct3D:
    Version:  Direct3D 11.0 [level 11.1]
    Renderer: NVIDIA GeForce RTX 3060 Laptop GPU (ID=0x2520)
    Vendor:   
    VRAM:     6010 MB
    Driver:   31.0.15.4617
Initialize mono
Mono path[0] = 'C:/Program Files/Unity 2020.3.27f1/Editor/Data/Managed'
Mono path[1] = 'C:/Program Files/Unity 2020.3.27f1/Editor/Data/MonoBleedingEdge/lib/mono/unityjit'
Mono config path = 'C:/Program Files/Unity 2020.3.27f1/Editor/Data/MonoBleedingEdge/etc'
Using monoOptions --debugger-agent=transport=dt_socket,embedding=1,server=y,suspend=n,address=127.0.0.1:56376
Begin MonoManager ReloadAssembly
Registering precompiled unity dll's ...
Register platform support module: C:/Program Files/Unity 2020.3.27f1/Editor/Data/PlaybackEngines/WindowsStandaloneSupport/UnityEditor.WindowsStandalone.Extensions.dll
Registered in 0.002577 seconds.
Native extension for WindowsStandalone target not found
Refreshing native plugins compatible for Editor in 36.84 ms, found 2 plugins.
Preloading 0 native plugins for Editor in 0.00 ms.
Mono: successfully reloaded assembly
- Completed reload, in  0.496 seconds
Domain Reload Profiling:
	ReloadAssembly (496ms)
		BeginReloadAssembly (70ms)
			ExecutionOrderSort (0ms)
			DisableScriptedObjects (0ms)
			BackupInstance (0ms)
			ReleaseScriptingObjects (0ms)
			CreateAndSetChildDomain (1ms)
		EndReloadAssembly (361ms)
			LoadAssemblies (65ms)
			RebuildTransferFunctionScriptingTraits (0ms)
			SetupTypeCache (110ms)
			ReleaseScriptCaches (0ms)
			RebuildScriptCaches (22ms)
			SetupLoadedEditorAssemblies (137ms)
				LogAssemblyErrors (0ms)
				InitializePlatformSupportModulesInManaged (5ms)
				SetLoadedEditorAssemblies (0ms)
				RefreshPlugins (37ms)
				BeforeProcessingInitializeOnLoad (12ms)
				ProcessInitializeOnLoadAttributes (61ms)
				ProcessInitializeOnLoadMethodAttributes (21ms)
				AfterProcessingInitializeOnLoad (0ms)
				EditorAssembliesLoaded (0ms)
			ExecutionOrderSort2 (0ms)
			AwakeInstancesAfterBackupRestoration (0ms)
Platform modules already initialized, skipping
Registering precompiled user dll's ...
Registered in 0.011637 seconds.
Begin MonoManager ReloadAssembly
Native extension for WindowsStandalone target not found
Refreshing native plugins compatible for Editor in 0.66 ms, found 2 plugins.
Preloading 0 native plugins for Editor in 0.00 ms.
Mono: successfully reloaded assembly
- Completed reload, in  0.939 seconds
Domain Reload Profiling:
	ReloadAssembly (940ms)
		BeginReloadAssembly (123ms)
			ExecutionOrderSort (0ms)
			DisableScriptedObjects (4ms)
			BackupInstance (0ms)
			ReleaseScriptingObjects (0ms)
			CreateAndSetChildDomain (17ms)
		EndReloadAssembly (759ms)
			LoadAssemblies (106ms)
			RebuildTransferFunctionScriptingTraits (0ms)
			SetupTypeCache (270ms)
			ReleaseScriptCaches (0ms)
			RebuildScriptCaches (34ms)
			SetupLoadedEditorAssemblies (274ms)
				LogAssemblyErrors (0ms)
				InitializePlatformSupportModulesInManaged (4ms)
				SetLoadedEditorAssemblies (0ms)
				RefreshPlugins (1ms)
				BeforeProcessingInitializeOnLoad (81ms)
				ProcessInitializeOnLoadAttributes (170ms)
				ProcessInitializeOnLoadMethodAttributes (8ms)
				AfterProcessingInitializeOnLoad (9ms)
				EditorAssembliesLoaded (0ms)
			ExecutionOrderSort2 (0ms)
			AwakeInstancesAfterBackupRestoration (5ms)
Platform modules already initialized, skipping
========================================================================
Worker process is ready to serve import requests
Launched and connected shader compiler UnityShaderCompiler.exe after 0.05 seconds
Refreshing native plugins compatible for Editor in 0.52 ms, found 2 plugins.
Preloading 0 native plugins for Editor in 0.00 ms.
Unloading 1634 Unused Serialized files (Serialized files now loaded: 0)
System memory in use before: 74.3 MB.
System memory in use after: 74.4 MB.

Unloading 28 unused Assets to reduce memory usage. Loaded Objects now: 2078.
Total: 3.820900 ms (FindLiveObjects: 0.168400 ms CreateObjectMapping: 0.042800 ms MarkObjects: 3.496600 ms  DeleteObjects: 0.110700 ms)

AssetImportParameters requested are different than current active one (requested -> active):
  custom:framework-win-MediaFoundation: 216162199b28c13a410421893ffa2e32 -> 
  custom:video-decoder-ogg-theora: a1e56fd34408186e4bbccfd4996cb3dc -> 
  custom:container-muxer-webm: aa71ff27fc2769a1b78a27578f13a17b -> 
  custom:container-demuxer-webm: 4f35f7cbe854078d1ac9338744f61a02 -> 
  custom:container-demuxer-ogg: 62fdf1f143b41e24485cea50d1cbac27 -> 
  custom:video-encoder-webm-vp8: eb34c28f22e8b96e1ab97ce403110664 -> 
  custom:video-codec-MediaFoundation-h265: 746d11721c4dcdbdad8f713fa42b33f4 -> 
  custom:video-decoder-webm-vp8: 9c59270c3fd7afecdb556c50c9e8de78 -> 
  custom:audio-decoder-ogg-vorbis: bf7c407c2cedff20999df2af8eb42d56 -> 
  custom:audio-encoder-webm-vorbis: bf7c407c2cedff20999df2af8eb42d56 -> 
========================================================================
Received Import Request.
  path: Assets/Scripts/Map/MapManager.cs
  artifactKey: Guid(8a02dc630dfeaf542bf502c7fd65f668) Importer(815301076,1909f56bfc062723c751e8b465ee728b)
Start importing Assets/Scripts/Map/MapManager.cs using Guid(8a02dc630dfeaf542bf502c7fd65f668) Importer(815301076,1909f56bfc062723c751e8b465ee728b)  -> (artifact id: '67b57e834a34cfe34c555ee4715d982e') in 0.049498 seconds 
  Import took 0.052050 seconds .

========================================================================
Received Import Request.
  Time since last request: 0.000282 seconds.
  path: Assets/Scripts/Map/MapController.cs
  artifactKey: Guid(4228059c22d705c41931caf3fe141bb3) Importer(815301076,1909f56bfc062723c751e8b465ee728b)
Start importing Assets/Scripts/Map/MapController.cs using Guid(4228059c22d705c41931caf3fe141bb3) Importer(815301076,1909f56bfc062723c751e8b465ee728b)  -> (artifact id: 'db126b7139565ee046bec143a67ca60a') in 0.007196 seconds 
  Import took 0.009800 seconds .

========================================================================
Received Import Request.
  Time since last request: 0.000200 seconds.
  path: Assets/Scripts/Map/MapResource.cs
  artifactKey: Guid(2c55f165a549b464789684469ca1b0b9) Importer(815301076,1909f56bfc062723c751e8b465ee728b)
Start importing Assets/Scripts/Map/MapResource.cs using Guid(2c55f165a549b464789684469ca1b0b9) Importer(815301076,1909f56bfc062723c751e8b465ee728b)  -> (artifact id: 'ccc55185e9ef934ad66469f28c5cd212') in 0.007184 seconds 
  Import took 0.010188 seconds .

========================================================================
Received Import Request.
  Time since last request: 0.000194 seconds.
  path: Assets/Scripts/Map/MapGenerator.cs
  artifactKey: Guid(924beab9944479d45bd01a082c19fe39) Importer(815301076,1909f56bfc062723c751e8b465ee728b)
Start importing Assets/Scripts/Map/MapGenerator.cs using Guid(924beab9944479d45bd01a082c19fe39) Importer(815301076,1909f56bfc062723c751e8b465ee728b)  -> (artifact id: '470ec32e8e1d61e8d8aca5052caab33d') in 0.007513 seconds 
  Import took 0.009734 seconds .

========================================================================
Received Import Request.
  Time since last request: 0.000203 seconds.
  path: Assets/Scripts/Map/MapBrain.cs
  artifactKey: Guid(d9feb4d5d0684904885bbe5c963bc211) Importer(815301076,1909f56bfc062723c751e8b465ee728b)
Start importing Assets/Scripts/Map/MapBrain.cs using Guid(d9feb4d5d0684904885bbe5c963bc211) Importer(815301076,1909f56bfc062723c751e8b465ee728b)  -> (artifact id: '4fe2624a2ecabb52e677baeed8930e7c') in 0.007190 seconds 
  Import took 0.009529 seconds .

========================================================================
Received Import Request.
  Time since last request: 22.175906 seconds.
  path: Assets/Scripts/Map/MapGenerator.cs
  artifactKey: Guid(924beab9944479d45bd01a082c19fe39) Importer(815301076,1909f56bfc062723c751e8b465ee728b)
Start importing Assets/Scripts/Map/MapGenerator.cs using Guid(924beab9944479d45bd01a082c19fe39) Importer(815301076,1909f56bfc062723c751e8b465ee728b)  -> (artifact id: 'a8bb502a9bec10d41797d92f4462a1e1') in 0.002908 seconds 
  Import took 0.006377 seconds .

========================================================================
Received Import Request.
  Time since last request: 4.930910 seconds.
  path: Assets/Scripts/Map/MapGenerator.cs
  artifactKey: Guid(924beab9944479d45bd01a082c19fe39) Importer(815301076,1909f56bfc062723c751e8b465ee728b)
Start importing Assets/Scripts/Map/MapGenerator.cs using Guid(924beab9944479d45bd01a082c19fe39) Importer(815301076,1909f56bfc062723c751e8b465ee728b)  -> (artifact id: '73880bcfff4b76b5c3a5efa76d361ba1') in 0.002775 seconds 
  Import took 0.005756 seconds .

========================================================================
Received Import Request.
  Time since last request: 30.023689 seconds.
  path: Assets/Scripts/Map/MapGenerator.cs
  artifactKey: Guid(924beab9944479d45bd01a082c19fe39) Importer(815301076,1909f56bfc062723c751e8b465ee728b)
Start importing Assets/Scripts/Map/MapGenerator.cs using Guid(924beab9944479d45bd01a082c19fe39) Importer(815301076,1909f56bfc062723c751e8b465ee728b)  -> (artifact id: '08fc5f75150ee90e3e622d5abf38d504') in 0.003899 seconds 
  Import took 0.007019 seconds .

========================================================================
Received Import Request.
  Time since last request: 0.615391 seconds.
  path: Assets/Scripts/Map/MapGenerator.cs
  artifactKey: Guid(924beab9944479d45bd01a082c19fe39) Importer(815301076,1909f56bfc062723c751e8b465ee728b)
Start importing Assets/Scripts/Map/MapGenerator.cs using Guid(924beab9944479d45bd01a082c19fe39) Importer(815301076,1909f56bfc062723c751e8b465ee728b)  -> (artifact id: 'b8ad08d18d97a6241d3ff3e9664c64ef') in 0.003044 seconds 
  Import took 0.006923 seconds .

========================================================================
Received Import Request.
  Time since last request: 7.425541 seconds.
  path: Assets/Scripts/Map/MapGenerator.cs
  artifactKey: Guid(924beab9944479d45bd01a082c19fe39) Importer(815301076,1909f56bfc062723c751e8b465ee728b)
Start importing Assets/Scripts/Map/MapGenerator.cs using Guid(924beab9944479d45bd01a082c19fe39) Importer(815301076,1909f56bfc062723c751e8b465ee728b)  -> (artifact id: 'e95fb8c7108eb566f30817f220e07452') in 0.002841 seconds 
  Import took 0.005888 seconds .

========================================================================
Received Import Request.
  Time since last request: 15.789528 seconds.
  path: Assets/Scripts/Map/MapGenerator.cs
  artifactKey: Guid(924beab9944479d45bd01a082c19fe39) Importer(815301076,1909f56bfc062723c751e8b465ee728b)
Start importing Assets/Scripts/Map/MapGenerator.cs using Guid(924beab9944479d45bd01a082c19fe39) Importer(815301076,1909f56bfc062723c751e8b465ee728b)  -> (artifact id: '359bbf96ecc7f591124c0acb4933b3c7') in 0.003972 seconds 
  Import took 0.007368 seconds .

========================================================================
Received Import Request.
  Time since last request: 37.011023 seconds.
  path: Assets/Scripts/Map/MapGenerator.cs
  artifactKey: Guid(924beab9944479d45bd01a082c19fe39) Importer(815301076,1909f56bfc062723c751e8b465ee728b)
Start importing Assets/Scripts/Map/MapGenerator.cs using Guid(924beab9944479d45bd01a082c19fe39) Importer(815301076,1909f56bfc062723c751e8b465ee728b)  -> (artifact id: '2406e64659d3fc0390497ff35c50fd25') in 0.003428 seconds 
  Import took 0.006419 seconds .

========================================================================
Received Import Request.
  Time since last request: 35.440483 seconds.
  path: Assets/Scripts/Map/MapGenerator.cs
  artifactKey: Guid(924beab9944479d45bd01a082c19fe39) Importer(815301076,1909f56bfc062723c751e8b465ee728b)
Start importing Assets/Scripts/Map/MapGenerator.cs using Guid(924beab9944479d45bd01a082c19fe39) Importer(815301076,1909f56bfc062723c751e8b465ee728b)  -> (artifact id: '87c7387a5f905adfdd70300d0d98f269') in 0.003660 seconds 
  Import took 0.007724 seconds .

========================================================================
Received Import Request.
  Time since last request: 27.636043 seconds.
  path: Assets/Scripts/Map/MapGenerator.cs
  artifactKey: Guid(924beab9944479d45bd01a082c19fe39) Importer(815301076,1909f56bfc062723c751e8b465ee728b)
Start importing Assets/Scripts/Map/MapGenerator.cs using Guid(924beab9944479d45bd01a082c19fe39) Importer(815301076,1909f56bfc062723c751e8b465ee728b)  -> (artifact id: '5ff325b5531c17f41a5f2aa1e2111720') in 0.003822 seconds 
  Import took 0.006669 seconds .

========================================================================
Received Import Request.
  Time since last request: 44.355632 seconds.
  path: Assets/Scripts/Map/MapGenerator.cs
  artifactKey: Guid(924beab9944479d45bd01a082c19fe39) Importer(815301076,1909f56bfc062723c751e8b465ee728b)
Start importing Assets/Scripts/Map/MapGenerator.cs using Guid(924beab9944479d45bd01a082c19fe39) Importer(815301076,1909f56bfc062723c751e8b465ee728b)  -> (artifact id: '07b0fa305893e09e56d92c05fac53f7a') in 0.003876 seconds 
  Import took 0.006596 seconds .

========================================================================
Received Import Request.
  Time since last request: 2.983302 seconds.
  path: Assets/Scripts/Map/MapGenerator.cs
  artifactKey: Guid(924beab9944479d45bd01a082c19fe39) Importer(815301076,1909f56bfc062723c751e8b465ee728b)
Start importing Assets/Scripts/Map/MapGenerator.cs using Guid(924beab9944479d45bd01a082c19fe39) Importer(815301076,1909f56bfc062723c751e8b465ee728b)  -> (artifact id: 'feab16feaf8026f526fd42baf70b6e22') in 0.003860 seconds 
  Import took 0.006619 seconds .

========================================================================
Received Import Request.
  Time since last request: 4.930201 seconds.
  path: Assets/Scripts/Map/MapGenerator.cs
  artifactKey: Guid(924beab9944479d45bd01a082c19fe39) Importer(815301076,1909f56bfc062723c751e8b465ee728b)
Start importing Assets/Scripts/Map/MapGenerator.cs using Guid(924beab9944479d45bd01a082c19fe39) Importer(815301076,1909f56bfc062723c751e8b465ee728b)  -> (artifact id: '8c13697cf7cd775596f308560fa23157') in 0.003168 seconds 
  Import took 0.005934 seconds .

========================================================================
Received Import Request.
  Time since last request: 5.596394 seconds.
  path: Assets/Scripts/Map/MapGenerator.cs
  artifactKey: Guid(924beab9944479d45bd01a082c19fe39) Importer(815301076,1909f56bfc062723c751e8b465ee728b)
Start importing Assets/Scripts/Map/MapGenerator.cs using Guid(924beab9944479d45bd01a082c19fe39) Importer(815301076,1909f56bfc062723c751e8b465ee728b)  -> (artifact id: '9c9f98b3f6fe1fdf5ce6bd764b9dcb8b') in 0.003222 seconds 
  Import took 0.007667 seconds .

========================================================================
Received Import Request.
  Time since last request: 1.617975 seconds.
  path: Assets/Scripts/Map/MapGenerator.cs
  artifactKey: Guid(924beab9944479d45bd01a082c19fe39) Importer(815301076,1909f56bfc062723c751e8b465ee728b)
Start importing Assets/Scripts/Map/MapGenerator.cs using Guid(924beab9944479d45bd01a082c19fe39) Importer(815301076,1909f56bfc062723c751e8b465ee728b)  -> (artifact id: 'd4152e1e0ea72ef8ea82e3693ed6359a') in 0.007448 seconds 
  Import took 0.011621 seconds .

========================================================================
Received Import Request.
  Time since last request: 6.201926 seconds.
  path: Assets/Scripts/Map/MapGenerator.cs
  artifactKey: Guid(924beab9944479d45bd01a082c19fe39) Importer(815301076,1909f56bfc062723c751e8b465ee728b)
Start importing Assets/Scripts/Map/MapGenerator.cs using Guid(924beab9944479d45bd01a082c19fe39) Importer(815301076,1909f56bfc062723c751e8b465ee728b)  -> (artifact id: 'a271c72e822aa33d06c3a4cf267a193c') in 0.003877 seconds 
  Import took 0.006583 seconds .

========================================================================
Received Import Request.
  Time since last request: 34.605353 seconds.
  path: Assets/Scripts/Map/MapGenerator.cs
  artifactKey: Guid(924beab9944479d45bd01a082c19fe39) Importer(815301076,1909f56bfc062723c751e8b465ee728b)
Start importing Assets/Scripts/Map/MapGenerator.cs using Guid(924beab9944479d45bd01a082c19fe39) Importer(815301076,1909f56bfc062723c751e8b465ee728b)  -> (artifact id: 'ed2183282746504c3bd5e5fb3ffae9a8') in 0.004212 seconds 
  Import took 0.007848 seconds .

========================================================================
Received Import Request.
  Time since last request: 8.964582 seconds.
  path: Assets/Scripts/Map/MapGenerator.cs
  artifactKey: Guid(924beab9944479d45bd01a082c19fe39) Importer(815301076,1909f56bfc062723c751e8b465ee728b)
Start importing Assets/Scripts/Map/MapGenerator.cs using Guid(924beab9944479d45bd01a082c19fe39) Importer(815301076,1909f56bfc062723c751e8b465ee728b)  -> (artifact id: 'e31ac9977cc0c0e1dcb86e75aca2f49c') in 0.003709 seconds 
  Import took 0.006474 seconds .

========================================================================
Received Import Request.
  Time since last request: 4.073175 seconds.
  path: Assets/Scripts/Map/MapGenerator.cs
  artifactKey: Guid(924beab9944479d45bd01a082c19fe39) Importer(815301076,1909f56bfc062723c751e8b465ee728b)
Start importing Assets/Scripts/Map/MapGenerator.cs using Guid(924beab9944479d45bd01a082c19fe39) Importer(815301076,1909f56bfc062723c751e8b465ee728b)  -> (artifact id: '6775d05747b3fcadcdc917acef84c2e4') in 0.004072 seconds 
  Import took 0.008378 seconds .

========================================================================
Received Import Request.
  Time since last request: 6.572757 seconds.
  path: Assets/Scripts/Map/MapGenerator.cs
  artifactKey: Guid(924beab9944479d45bd01a082c19fe39) Importer(815301076,1909f56bfc062723c751e8b465ee728b)
Start importing Assets/Scripts/Map/MapGenerator.cs using Guid(924beab9944479d45bd01a082c19fe39) Importer(815301076,1909f56bfc062723c751e8b465ee728b)  -> (artifact id: '4d3cb4bc6e4a9581f0c21f6ff0adad3a') in 0.004244 seconds 
  Import took 0.007674 seconds .

========================================================================
Received Import Request.
  Time since last request: 7.611592 seconds.
  path: Assets/Scripts/Map/MapGenerator.cs
  artifactKey: Guid(924beab9944479d45bd01a082c19fe39) Importer(815301076,1909f56bfc062723c751e8b465ee728b)
Start importing Assets/Scripts/Map/MapGenerator.cs using Guid(924beab9944479d45bd01a082c19fe39) Importer(815301076,1909f56bfc062723c751e8b465ee728b)  -> (artifact id: 'f632afcf3e9ba0e4021826d8356e9090') in 0.003415 seconds 
  Import took 0.006158 seconds .

========================================================================
Received Import Request.
  Time since last request: 4.141491 seconds.
  path: Assets/Scripts/Map/MapGenerator.cs
  artifactKey: Guid(924beab9944479d45bd01a082c19fe39) Importer(815301076,1909f56bfc062723c751e8b465ee728b)
Start importing Assets/Scripts/Map/MapGenerator.cs using Guid(924beab9944479d45bd01a082c19fe39) Importer(815301076,1909f56bfc062723c751e8b465ee728b)  -> (artifact id: 'e5369f286d07ae82574f4e410b7d11e7') in 0.004293 seconds 
  Import took 0.008169 seconds .

========================================================================
Received Import Request.
  Time since last request: 4.751062 seconds.
  path: Assets/Scripts/Map/MapGenerator.cs
  artifactKey: Guid(924beab9944479d45bd01a082c19fe39) Importer(815301076,1909f56bfc062723c751e8b465ee728b)
Start importing Assets/Scripts/Map/MapGenerator.cs using Guid(924beab9944479d45bd01a082c19fe39) Importer(815301076,1909f56bfc062723c751e8b465ee728b)  -> (artifact id: '9bfc9b1484735c37ef26ca9ce31ca44d') in 0.003792 seconds 
  Import took 0.006623 seconds .

========================================================================
Received Import Request.
  Time since last request: 3.424140 seconds.
  path: Assets/Scripts/Map/MapGenerator.cs
  artifactKey: Guid(924beab9944479d45bd01a082c19fe39) Importer(815301076,1909f56bfc062723c751e8b465ee728b)
Start importing Assets/Scripts/Map/MapGenerator.cs using Guid(924beab9944479d45bd01a082c19fe39) Importer(815301076,1909f56bfc062723c751e8b465ee728b)  -> (artifact id: 'e5c09839f769deb1d4bc00d1bb5dccc8') in 0.003672 seconds 
  Import took 0.006565 seconds .

========================================================================
Received Import Request.
  Time since last request: 4.692448 seconds.
  path: Assets/Scripts/Map/MapGenerator.cs
  artifactKey: Guid(924beab9944479d45bd01a082c19fe39) Importer(815301076,1909f56bfc062723c751e8b465ee728b)
Start importing Assets/Scripts/Map/MapGenerator.cs using Guid(924beab9944479d45bd01a082c19fe39) Importer(815301076,1909f56bfc062723c751e8b465ee728b)  -> (artifact id: '7520e300b0654ce35707caaee65ef535') in 0.003349 seconds 
  Import took 0.006003 seconds .

========================================================================
Received Import Request.
  Time since last request: 4.435300 seconds.
  path: Assets/Scripts/Map/MapGenerator.cs
  artifactKey: Guid(924beab9944479d45bd01a082c19fe39) Importer(815301076,1909f56bfc062723c751e8b465ee728b)
Start importing Assets/Scripts/Map/MapGenerator.cs using Guid(924beab9944479d45bd01a082c19fe39) Importer(815301076,1909f56bfc062723c751e8b465ee728b)  -> (artifact id: 'b4140f9296c3098ccda06e6d8e6054c2') in 0.005685 seconds 
  Import took 0.008979 seconds .

========================================================================
Received Import Request.
  Time since last request: 17.639630 seconds.
  path: Assets/Scripts/Map/MapGenerator.cs
  artifactKey: Guid(924beab9944479d45bd01a082c19fe39) Importer(815301076,1909f56bfc062723c751e8b465ee728b)
Start importing Assets/Scripts/Map/MapGenerator.cs using Guid(924beab9944479d45bd01a082c19fe39) Importer(815301076,1909f56bfc062723c751e8b465ee728b)  -> (artifact id: '687b1656f6313bbc925b47398253213f') in 0.003179 seconds 
  Import took 0.006764 seconds .

========================================================================
Received Import Request.
  Time since last request: 6.134991 seconds.
  path: Assets/Scripts/Map/MapGenerator.cs
  artifactKey: Guid(924beab9944479d45bd01a082c19fe39) Importer(815301076,1909f56bfc062723c751e8b465ee728b)
Start importing Assets/Scripts/Map/MapGenerator.cs using Guid(924beab9944479d45bd01a082c19fe39) Importer(815301076,1909f56bfc062723c751e8b465ee728b)  -> (artifact id: '646646c50a3d33c2f717a83b3a9b5505') in 0.008447 seconds 
  Import took 0.011162 seconds .

========================================================================
Received Import Request.
  Time since last request: 21.366371 seconds.
  path: Assets/Scripts/Map/MapGenerator.cs
  artifactKey: Guid(924beab9944479d45bd01a082c19fe39) Importer(815301076,1909f56bfc062723c751e8b465ee728b)
Start importing Assets/Scripts/Map/MapGenerator.cs using Guid(924beab9944479d45bd01a082c19fe39) Importer(815301076,1909f56bfc062723c751e8b465ee728b)  -> (artifact id: '8755da2ec9e210ff4d7991b30053d08a') in 0.003844 seconds 
  Import took 0.006728 seconds .

========================================================================
Received Import Request.
  Time since last request: 3.680573 seconds.
  path: Assets/Scripts/Map/MapGenerator.cs
  artifactKey: Guid(924beab9944479d45bd01a082c19fe39) Importer(815301076,1909f56bfc062723c751e8b465ee728b)
Start importing Assets/Scripts/Map/MapGenerator.cs using Guid(924beab9944479d45bd01a082c19fe39) Importer(815301076,1909f56bfc062723c751e8b465ee728b)  -> (artifact id: '539847a721a56825df7340c3f7d062ce') in 0.003034 seconds 
  Import took 0.007463 seconds .

========================================================================
Received Import Request.
  Time since last request: 8.334494 seconds.
  path: Assets/Scripts/Map/MapGenerator.cs
  artifactKey: Guid(924beab9944479d45bd01a082c19fe39) Importer(815301076,1909f56bfc062723c751e8b465ee728b)
Start importing Assets/Scripts/Map/MapGenerator.cs using Guid(924beab9944479d45bd01a082c19fe39) Importer(815301076,1909f56bfc062723c751e8b465ee728b)  -> (artifact id: '64bba41ce5a97cca3b94ae7f0c2de78f') in 0.005042 seconds 
  Import took 0.007852 seconds .

========================================================================
Received Import Request.
  Time since last request: 19.742360 seconds.
  path: Assets/Scripts/Map/MapGenerator.cs
  artifactKey: Guid(924beab9944479d45bd01a082c19fe39) Importer(815301076,1909f56bfc062723c751e8b465ee728b)
Start importing Assets/Scripts/Map/MapGenerator.cs using Guid(924beab9944479d45bd01a082c19fe39) Importer(815301076,1909f56bfc062723c751e8b465ee728b)  -> (artifact id: '749fea3f06bc63cc5bd6e34f89aabebc') in 0.003147 seconds 
  Import took 0.005820 seconds .

========================================================================
Received Import Request.
  Time since last request: 60.136356 seconds.
  path: Assets/Scripts/Map/MapGenerator.cs
  artifactKey: Guid(924beab9944479d45bd01a082c19fe39) Importer(815301076,1909f56bfc062723c751e8b465ee728b)
Start importing Assets/Scripts/Map/MapGenerator.cs using Guid(924beab9944479d45bd01a082c19fe39) Importer(815301076,1909f56bfc062723c751e8b465ee728b)  -> (artifact id: 'a5fbba7d5ad785c21c6955bfbc0991f3') in 0.003456 seconds 
  Import took 0.007722 seconds .

========================================================================
Received Import Request.
  Time since last request: 30.030554 seconds.
  path: Assets/Scripts/Map/MapGenerator.cs
  artifactKey: Guid(924beab9944479d45bd01a082c19fe39) Importer(815301076,1909f56bfc062723c751e8b465ee728b)
Start importing Assets/Scripts/Map/MapGenerator.cs using Guid(924beab9944479d45bd01a082c19fe39) Importer(815301076,1909f56bfc062723c751e8b465ee728b)  -> (artifact id: '8256f6845a3068e484a17ca527706417') in 0.003553 seconds 
  Import took 0.006407 seconds .

========================================================================
Received Import Request.
  Time since last request: 10.077131 seconds.
  path: Assets/Scripts/Map/MapGenerator.cs
  artifactKey: Guid(924beab9944479d45bd01a082c19fe39) Importer(815301076,1909f56bfc062723c751e8b465ee728b)
Start importing Assets/Scripts/Map/MapGenerator.cs using Guid(924beab9944479d45bd01a082c19fe39) Importer(815301076,1909f56bfc062723c751e8b465ee728b)  -> (artifact id: '9325fa68e993392f2966219502080ff9') in 0.004342 seconds 
  Import took 0.007255 seconds .

========================================================================
Received Import Request.
  Time since last request: 16.714774 seconds.
  path: Assets/Scripts/Map/MapGenerator.cs
  artifactKey: Guid(924beab9944479d45bd01a082c19fe39) Importer(815301076,1909f56bfc062723c751e8b465ee728b)
Start importing Assets/Scripts/Map/MapGenerator.cs using Guid(924beab9944479d45bd01a082c19fe39) Importer(815301076,1909f56bfc062723c751e8b465ee728b)  -> (artifact id: 'febb468427450447c5385154414e179b') in 0.004940 seconds 
  Import took 0.007938 seconds .

========================================================================
Received Import Request.
  Time since last request: 9.038923 seconds.
  path: Assets/Scripts/Map/MapGenerator.cs
  artifactKey: Guid(924beab9944479d45bd01a082c19fe39) Importer(815301076,1909f56bfc062723c751e8b465ee728b)
Start importing Assets/Scripts/Map/MapGenerator.cs using Guid(924beab9944479d45bd01a082c19fe39) Importer(815301076,1909f56bfc062723c751e8b465ee728b)  -> (artifact id: '8c217c23fb6285413cae565307100caa') in 0.003338 seconds 
  Import took 0.006934 seconds .

========================================================================
Received Import Request.
  Time since last request: 6.878086 seconds.
  path: Assets/Scripts/Map/MapGenerator.cs
  artifactKey: Guid(924beab9944479d45bd01a082c19fe39) Importer(815301076,1909f56bfc062723c751e8b465ee728b)
Start importing Assets/Scripts/Map/MapGenerator.cs using Guid(924beab9944479d45bd01a082c19fe39) Importer(815301076,1909f56bfc062723c751e8b465ee728b)  -> (artifact id: '0d5f1e0a7062d766e5e49f58e7f740fc') in 0.004743 seconds 
  Import took 0.007924 seconds .

========================================================================
Received Import Request.
  Time since last request: 34.298175 seconds.
  path: Assets/Scripts/Map/MapGenerator.cs
  artifactKey: Guid(924beab9944479d45bd01a082c19fe39) Importer(815301076,1909f56bfc062723c751e8b465ee728b)
Start importing Assets/Scripts/Map/MapGenerator.cs using Guid(924beab9944479d45bd01a082c19fe39) Importer(815301076,1909f56bfc062723c751e8b465ee728b)  -> (artifact id: '19d3fe7fc6ae20ed592cf2ac697211c0') in 0.003508 seconds 
  Import took 0.006260 seconds .

========================================================================
Received Prepare
Registering precompiled user dll's ...
Registered in 0.014245 seconds.
Begin MonoManager ReloadAssembly
Native extension for WindowsStandalone target not found
Refreshing native plugins compatible for Editor in 0.56 ms, found 2 plugins.
Preloading 0 native plugins for Editor in 0.00 ms.
Mono: successfully reloaded assembly
- Completed reload, in  0.906 seconds
Domain Reload Profiling:
	ReloadAssembly (907ms)
		BeginReloadAssembly (124ms)
			ExecutionOrderSort (0ms)
			DisableScriptedObjects (4ms)
			BackupInstance (0ms)
			ReleaseScriptingObjects (0ms)
			CreateAndSetChildDomain (38ms)
		EndReloadAssembly (715ms)
			LoadAssemblies (119ms)
			RebuildTransferFunctionScriptingTraits (0ms)
			SetupTypeCache (243ms)
			ReleaseScriptCaches (1ms)
			RebuildScriptCaches (29ms)
			SetupLoadedEditorAssemblies (267ms)
				LogAssemblyErrors (0ms)
				InitializePlatformSupportModulesInManaged (4ms)
				SetLoadedEditorAssemblies (0ms)
				RefreshPlugins (1ms)
				BeforeProcessingInitializeOnLoad (70ms)
				ProcessInitializeOnLoadAttributes (175ms)
				ProcessInitializeOnLoadMethodAttributes (7ms)
				AfterProcessingInitializeOnLoad (9ms)
				EditorAssembliesLoaded (1ms)
			ExecutionOrderSort2 (0ms)
			AwakeInstancesAfterBackupRestoration (6ms)
Platform modules already initialized, skipping
Refreshing native plugins compatible for Editor in 0.54 ms, found 2 plugins.
Preloading 0 native plugins for Editor in 0.00 ms.
Unloading 1616 Unused Serialized files (Serialized files now loaded: 0)
System memory in use before: 73.0 MB.
System memory in use after: 73.1 MB.

Unloading 23 unused Assets to reduce memory usage. Loaded Objects now: 2080.
Total: 2.351100 ms (FindLiveObjects: 0.137900 ms CreateObjectMapping: 0.036400 ms MarkObjects: 2.120000 ms  DeleteObjects: 0.055100 ms)

AssetImportParameters requested are different than current active one (requested -> active):
  custom:framework-win-MediaFoundation: 216162199b28c13a410421893ffa2e32 -> 
  custom:video-decoder-ogg-theora: a1e56fd34408186e4bbccfd4996cb3dc -> 
  custom:container-muxer-webm: aa71ff27fc2769a1b78a27578f13a17b -> 
  custom:container-demuxer-webm: 4f35f7cbe854078d1ac9338744f61a02 -> 
  custom:container-demuxer-ogg: 62fdf1f143b41e24485cea50d1cbac27 -> 
  custom:video-encoder-webm-vp8: eb34c28f22e8b96e1ab97ce403110664 -> 
  custom:video-codec-MediaFoundation-h265: 746d11721c4dcdbdad8f713fa42b33f4 -> 
  custom:video-decoder-webm-vp8: 9c59270c3fd7afecdb556c50c9e8de78 -> 
  custom:audio-decoder-ogg-vorbis: bf7c407c2cedff20999df2af8eb42d56 -> 
  custom:audio-encoder-webm-vorbis: bf7c407c2cedff20999df2af8eb42d56 -> 
AssetImportWorkerClient::OnTransportError - code=2 error=End of file
